0 info it worked if it ends with ok
1 verbose cli [ 'node', '/usr/local/bin/npm', 'publish' ]
2 info using npm@2.7.5
3 info using node@v0.12.2
4 verbose node symlink /usr/local/bin/node
5 verbose publish [ '.' ]
6 silly cache add args [ '.', null ]
7 verbose cache add spec .
8 silly cache add parsed spec { raw: '.',
8 silly cache add   scope: null,
8 silly cache add   name: null,
8 silly cache add   rawSpec: '.',
8 silly cache add   spec: '/www/apps/mysql-escape-array',
8 silly cache add   type: 'directory' }
9 verbose addLocalDirectory /Users/rmcnew/.npm/mysql-escape-array/1.0.5/package.tgz not in flight; packing
10 verbose tar pack [ '/Users/rmcnew/.npm/mysql-escape-array/1.0.5/package.tgz',
10 verbose tar pack   '/www/apps/mysql-escape-array' ]
11 verbose tarball /Users/rmcnew/.npm/mysql-escape-array/1.0.5/package.tgz
12 verbose folder /www/apps/mysql-escape-array
13 info prepublish mysql-escape-array@1.0.5
14 verbose addLocalTarball adding from inside cache /Users/rmcnew/.npm/mysql-escape-array/1.0.5/package.tgz
15 silly cache afterAdd mysql-escape-array@1.0.5
16 verbose afterAdd /Users/rmcnew/.npm/mysql-escape-array/1.0.5/package/package.json not in flight; writing
17 verbose afterAdd /Users/rmcnew/.npm/mysql-escape-array/1.0.5/package/package.json written
18 silly publish { name: 'mysql-escape-array',
18 silly publish   version: '1.0.5',
18 silly publish   description: 'Escape arrays in mysql queries to prevent SQL injection vulnerabilities. This is especially useful in MYSQL IN statments.',
18 silly publish   main: 'index.js',
18 silly publish   scripts: { test: 'echo "Error: no test specified" && exit 1' },
18 silly publish   keywords:
18 silly publish    [ 'mysql',
18 silly publish      'escape',
18 silly publish      'array',
18 silly publish      'sanitize',
18 silly publish      'sql',
18 silly publish      'injection',
18 silly publish      'protection' ],
18 silly publish   author: { name: 'Rod McNew' },
18 silly publish   license: 'ISC',
18 silly publish   dependencies: { mysql: '>=1.*' },
18 silly publish   repository:
18 silly publish    { type: 'git',
18 silly publish      url: 'https://github.com/rodmcnew/mysql-escape-array.git' },
18 silly publish   readme: '# mysql-escape-array\nEscape arrays in mysql queries to prevent SQL injection vulnerabilities. This is vulnerabilities useful in MYSQL IN statments.\n\n```js\nvar mysqlEscapeArray = require(\'mysql-escape-array\');\n\nvar names = ["bob","joe","bill","Robert\' DROP TABLE Students;"];\n\nvar sql = \'SELECT * FROM users WHERE name IN \' + mysqlEscapeArray(names);\n\nconsole.log(sql)\n//SELECT * FROM users WHERE name IN (\'bob\',\'joe\',\'bill\',\'Robert\\\' DROP TABLE Students;\')\n',
18 silly publish   readmeFilename: 'README.md',
18 silly publish   gitHead: 'a266e914d127fef73c0bef6bfe6f68e2f3b57b43',
18 silly publish   bugs: { url: 'https://github.com/rodmcnew/mysql-escape-array/issues' },
18 silly publish   homepage: 'https://github.com/rodmcnew/mysql-escape-array',
18 silly publish   _id: 'mysql-escape-array@1.0.5',
18 silly publish   _shasum: '2ea53e43df7a03cda0d5d1ee0b09314c25e09ee2',
18 silly publish   _from: '.' }
19 silly mapToRegistry name mysql-escape-array
20 silly mapToRegistry using default registry
21 silly mapToRegistry registry https://registry.npmjs.org/
22 silly mapToRegistry uri https://registry.npmjs.org/mysql-escape-array
23 verbose publish registryBase https://registry.npmjs.org/
24 silly publish uploading /Users/rmcnew/.npm/mysql-escape-array/1.0.5/package.tgz
25 verbose request uri https://registry.npmjs.org/mysql-escape-array
26 verbose request sending authorization for write operation
27 info attempt registry request try #1 at 16:01:02
28 verbose request using bearer token for auth
29 verbose request id cb9648ba02f98a07
30 http request PUT https://registry.npmjs.org/mysql-escape-array
31 http 403 https://registry.npmjs.org/mysql-escape-array
32 verbose headers { 'content-type': 'application/json',
32 verbose headers   'cache-control': 'max-age=300',
32 verbose headers   'content-length': '95',
32 verbose headers   'accept-ranges': 'bytes',
32 verbose headers   date: 'Tue, 17 May 2016 21:00:48 GMT',
32 verbose headers   via: '1.1 varnish',
32 verbose headers   connection: 'keep-alive',
32 verbose headers   'x-served-by': 'cache-ord1729-ORD',
32 verbose headers   'x-cache': 'MISS',
32 verbose headers   'x-cache-hits': '0',
32 verbose headers   'x-timer': 'S1463518847.652400,VS0,VE746',
32 verbose headers   vary: 'Accept-Encoding' }
33 verbose request invalidating /Users/rmcnew/.npm/registry.npmjs.org/mysql-escape-array on PUT
34 error publish Failed PUT 403
35 verbose stack Error: "You cannot publish over the previously published version 1.0.5." : mysql-escape-array
35 verbose stack     at CachingRegistryClient.<anonymous> (/usr/local/lib/node_modules/npm/node_modules/npm-registry-client/lib/request.js:247:14)
35 verbose stack     at Request._callback (/usr/local/lib/node_modules/npm/node_modules/npm-registry-client/lib/request.js:170:14)
35 verbose stack     at Request.self.callback (/usr/local/lib/node_modules/npm/node_modules/request/request.js:360:22)
35 verbose stack     at Request.emit (events.js:110:17)
35 verbose stack     at Request.<anonymous> (/usr/local/lib/node_modules/npm/node_modules/request/request.js:1202:14)
35 verbose stack     at Request.emit (events.js:129:20)
35 verbose stack     at IncomingMessage.<anonymous> (/usr/local/lib/node_modules/npm/node_modules/request/request.js:1150:12)
35 verbose stack     at IncomingMessage.emit (events.js:129:20)
35 verbose stack     at _stream_readable.js:908:16
35 verbose stack     at process._tickCallback (node.js:355:11)
36 verbose statusCode 403
37 verbose pkgid mysql-escape-array
38 verbose cwd /www/apps/mysql-escape-array
39 error Darwin 14.4.0
40 error argv "node" "/usr/local/bin/npm" "publish"
41 error node v0.12.2
42 error npm  v2.7.5
43 error code E403
44 error "You cannot publish over the previously published version 1.0.5." : mysql-escape-array
45 error If you need help, you may report this error at:
45 error     <https://github.com/npm/npm/issues>
46 verbose exit [ 1, true ]
